<?xml version="1.0" encoding="UTF-8" ?>
<testsuite failures="0" time="15.66" errors="0" skipped="0" tests="65" name="com.example.cucumber1.AppTest">
  <properties>
[...]
</properties>
  <testcase time="0.002" classname="| https://www.google.com.ar/ | chrome | java | Google Nexus 5 |" name="Given &quot;https://www.google.com.ar/&quot; is open in &quot;chrome&quot; and set the emulation to device &quot;Google Nexus 5&quot;"/>
  <testcase time="0" classname="| https://www.google.com.ar/ | chrome | java | Google Nexus 5 |" name="When I type &quot;java&quot; in the search field"/>
  <testcase time="0" classname="| https://www.google.com.ar/ | chrome | java | Google Nexus 5 |" name="And I click the search button"/>
  <testcase time="0.001" classname="| https://www.google.com.ar/ | chrome | java | Google Nexus 5 |" name="Then I see the results for Java"/>
  <testcase time="1.126" classname="| https://www.google.com.ar/ | chrome | java | Google Nexus 5 |" name="| https://www.google.com.ar/ | chrome | java | Google Nexus 5 |"/>
  <testcase time="0" classname="| https://www.google.com.ar/ | chrome | kiwi | Apple iPhone 5 |" name="Given &quot;https://www.google.com.ar/&quot; is open in &quot;chrome&quot; and set the emulation to device &quot;Apple iPhone 5&quot;"/>
  <testcase time="0" classname="| https://www.google.com.ar/ | chrome | kiwi | Apple iPhone 5 |" name="When I type &quot;kiwi&quot; in the search field"/>
  <testcase time="0" classname="| https://www.google.com.ar/ | chrome | kiwi | Apple iPhone 5 |" name="And I click the search button"/>
  <testcase time="0" classname="| https://www.google.com.ar/ | chrome | kiwi | Apple iPhone 5 |" name="Then I see the results for Java"/>
  <testcase time="0.069" classname="| https://www.google.com.ar/ | chrome | kiwi | Apple iPhone 5 |" name="| https://www.google.com.ar/ | chrome | kiwi | Apple iPhone 5 |"/>
  <testcase time="0" classname="| https://www.google.com.ar/ | chrome | compu | Apple iPhone 6 |" name="Given &quot;https://www.google.com.ar/&quot; is open in &quot;chrome&quot; and set the emulation to device &quot;Apple iPhone 6&quot;"/>
  <testcase time="0" classname="| https://www.google.com.ar/ | chrome | compu | Apple iPhone 6 |" name="When I type &quot;compu&quot; in the search field"/>
  <testcase time="0" classname="| https://www.google.com.ar/ | chrome | compu | Apple iPhone 6 |" name="And I click the search button"/>
  <testcase time="0" classname="| https://www.google.com.ar/ | chrome | compu | Apple iPhone 6 |" name="Then I see the results for Java"/>
  <testcase time="1.112" classname="| https://www.google.com.ar/ | chrome | compu | Apple iPhone 6 |" name="| https://www.google.com.ar/ | chrome | compu | Apple iPhone 6 |"/>
  <testcase time="0" classname="| https://www.google.com.ar/ | chrome | compu |  |" name="Given &quot;https://www.google.com.ar/&quot; is open in &quot;chrome&quot; and set the emulation to device &quot;&quot;"/>
  <testcase time="0" classname="| https://www.google.com.ar/ | chrome | compu |  |" name="When I type &quot;compu&quot; in the search field"/>
  <testcase time="0" classname="| https://www.google.com.ar/ | chrome | compu |  |" name="And I click the search button"/>
  <testcase time="0" classname="| https://www.google.com.ar/ | chrome | compu |  |" name="Then I see the results for Java"/>
  <testcase time="1.235" classname="| https://www.google.com.ar/ | chrome | compu |  |" name="| https://www.google.com.ar/ | chrome | compu |  |"/>
  <testcase time="0" classname="| https://www.google.com.ar/ | firefox | compu |  |" name="Given &quot;https://www.google.com.ar/&quot; is open in &quot;firefox&quot; and set the emulation to device &quot;&quot;"/>
  <testcase time="0" classname="| https://www.google.com.ar/ | firefox | compu |  |" name="When I type &quot;compu&quot; in the search field"/>
  <testcase time="0" classname="| https://www.google.com.ar/ | firefox | compu |  |" name="And I click the search button"/>
  <testcase time="0" classname="| https://www.google.com.ar/ | firefox | compu |  |" name="Then I see the results for Java"/>
  <testcase time="0.139" classname="| https://www.google.com.ar/ | firefox | compu |  |" name="| https://www.google.com.ar/ | firefox | compu |  |"/>
  <testcase time="0" classname="| https://www.google.com.ar/ | chrome | kiwi | Apple iPhone 6 Plus |" name="Given &quot;https://www.google.com.ar/&quot; is open in &quot;chrome&quot; and set the emulation to device &quot;Apple iPhone 6 Plus&quot;"/>
  <testcase time="0" classname="| https://www.google.com.ar/ | chrome | kiwi | Apple iPhone 6 Plus |" name="When I type &quot;kiwi&quot; in the search field"/>
  <testcase time="0" classname="| https://www.google.com.ar/ | chrome | kiwi | Apple iPhone 6 Plus |" name="And I click the search button"/>
  <testcase time="0" classname="| https://www.google.com.ar/ | chrome | kiwi | Apple iPhone 6 Plus |" name="Then I see the results for Java"/>
  <testcase time="3.896" classname="| https://www.google.com.ar/ | chrome | kiwi | Apple iPhone 6 Plus |" name="| https://www.google.com.ar/ | chrome | kiwi | Apple iPhone 6 Plus |"/>
  <testcase time="0" classname="| https://www.google.com.ar/ | chrome | kiwi | Google Nexus 10 |" name="Given &quot;https://www.google.com.ar/&quot; is open in &quot;chrome&quot; and set the emulation to device &quot;Google Nexus 10&quot;"/>
  <testcase time="0" classname="| https://www.google.com.ar/ | chrome | kiwi | Google Nexus 10 |" name="When I type &quot;kiwi&quot; in the search field"/>
  <testcase time="0" classname="| https://www.google.com.ar/ | chrome | kiwi | Google Nexus 10 |" name="And I click the search button"/>
  <testcase time="0" classname="| https://www.google.com.ar/ | chrome | kiwi | Google Nexus 10 |" name="Then I see the results for Java"/>
  <testcase time="1.308" classname="| https://www.google.com.ar/ | chrome | kiwi | Google Nexus 10 |" name="| https://www.google.com.ar/ | chrome | kiwi | Google Nexus 10 |"/>
  <testcase time="0" classname="| https://www.google.com.ar/ | chrome | kiwi | Google Nexus 4 |" name="Given &quot;https://www.google.com.ar/&quot; is open in &quot;chrome&quot; and set the emulation to device &quot;Google Nexus 4&quot;"/>
  <testcase time="0" classname="| https://www.google.com.ar/ | chrome | kiwi | Google Nexus 4 |" name="When I type &quot;kiwi&quot; in the search field"/>
  <testcase time="0" classname="| https://www.google.com.ar/ | chrome | kiwi | Google Nexus 4 |" name="And I click the search button"/>
  <testcase time="0" classname="| https://www.google.com.ar/ | chrome | kiwi | Google Nexus 4 |" name="Then I see the results for Java"/>
  <testcase time="1.349" classname="| https://www.google.com.ar/ | chrome | kiwi | Google Nexus 4 |" name="| https://www.google.com.ar/ | chrome | kiwi | Google Nexus 4 |"/>
  <testcase time="0" classname="| https://www.google.com.ar/ | chrome | compu | Google Nexus 5 |" name="Given &quot;https://www.google.com.ar/&quot; is open in &quot;chrome&quot; and set the emulation to device &quot;Google Nexus 5&quot;"/>
  <testcase time="0" classname="| https://www.google.com.ar/ | chrome | compu | Google Nexus 5 |" name="When I type &quot;compu&quot; in the search field"/>
  <testcase time="0" classname="| https://www.google.com.ar/ | chrome | compu | Google Nexus 5 |" name="And I click the search button"/>
  <testcase time="0" classname="| https://www.google.com.ar/ | chrome | compu | Google Nexus 5 |" name="Then I see the results for Java"/>
  <testcase time="1.17" classname="| https://www.google.com.ar/ | chrome | compu | Google Nexus 5 |" name="| https://www.google.com.ar/ | chrome | compu | Google Nexus 5 |"/>
  <testcase time="0.001" classname="| https://www.google.com.ar/ | chrome | kiwi | Google Nexus 7 |" name="Given &quot;https://www.google.com.ar/&quot; is open in &quot;chrome&quot; and set the emulation to device &quot;Google Nexus 7&quot;"/>
  <testcase time="0" classname="| https://www.google.com.ar/ | chrome | kiwi | Google Nexus 7 |" name="When I type &quot;kiwi&quot; in the search field"/>
  <testcase time="0" classname="| https://www.google.com.ar/ | chrome | kiwi | Google Nexus 7 |" name="And I click the search button"/>
  <testcase time="0" classname="| https://www.google.com.ar/ | chrome | kiwi | Google Nexus 7 |" name="Then I see the results for Java"/>
  <testcase time="1.413" classname="| https://www.google.com.ar/ | chrome | kiwi | Google Nexus 7 |" name="| https://www.google.com.ar/ | chrome | kiwi | Google Nexus 7 |"/>
  <testcase time="0" classname="| https://www.google.com.ar/ | chrome | compu | Samsung Galaxy Note 3 |" name="Given &quot;https://www.google.com.ar/&quot; is open in &quot;chrome&quot; and set the emulation to device &quot;Samsung Galaxy Note 3&quot;"/>
  <testcase time="0" classname="| https://www.google.com.ar/ | chrome | compu | Samsung Galaxy Note 3 |" name="When I type &quot;compu&quot; in the search field"/>
  <testcase time="0" classname="| https://www.google.com.ar/ | chrome | compu | Samsung Galaxy Note 3 |" name="And I click the search button"/>
  <testcase time="0" classname="| https://www.google.com.ar/ | chrome | compu | Samsung Galaxy Note 3 |" name="Then I see the results for Java"/>
  <testcase time="1.102" classname="| https://www.google.com.ar/ | chrome | compu | Samsung Galaxy Note 3 |" name="| https://www.google.com.ar/ | chrome | compu | Samsung Galaxy Note 3 |"/>
  <testcase time="0" classname="| https://www.google.com.ar/ | chrome | compu | Samsung Galaxy Note II |" name="Given &quot;https://www.google.com.ar/&quot; is open in &quot;chrome&quot; and set the emulation to device &quot;Samsung Galaxy Note II&quot;"/>
  <testcase time="0" classname="| https://www.google.com.ar/ | chrome | compu | Samsung Galaxy Note II |" name="When I type &quot;compu&quot; in the search field"/>
  <testcase time="0" classname="| https://www.google.com.ar/ | chrome | compu | Samsung Galaxy Note II |" name="And I click the search button"/>
  <testcase time="0" classname="| https://www.google.com.ar/ | chrome | compu | Samsung Galaxy Note II |" name="Then I see the results for Java"/>
  <testcase time="1.136" classname="| https://www.google.com.ar/ | chrome | compu | Samsung Galaxy Note II |" name="| https://www.google.com.ar/ | chrome | compu | Samsung Galaxy Note II |"/>
  <testcase time="0" classname="| https://www.google.com.ar/ | chrome | compu | Samsung Galaxy S4 |" name="Given &quot;https://www.google.com.ar/&quot; is open in &quot;chrome&quot; and set the emulation to device &quot;Samsung Galaxy S4&quot;"/>
  <testcase time="0" classname="| https://www.google.com.ar/ | chrome | compu | Samsung Galaxy S4 |" name="When I type &quot;compu&quot; in the search field"/>
  <testcase time="0" classname="| https://www.google.com.ar/ | chrome | compu | Samsung Galaxy S4 |" name="And I click the search button"/>
  <testcase time="0" classname="| https://www.google.com.ar/ | chrome | compu | Samsung Galaxy S4 |" name="Then I see the results for Java"/>
  <testcase time="0.601" classname="| https://www.google.com.ar/ | chrome | compu | Samsung Galaxy S4 |" name="| https://www.google.com.ar/ | chrome | compu | Samsung Galaxy S4 |"/>
</testsuite>